<?xml version="1.0" encoding="UTF-8"?>
<testsuite xmlns:xsi="http://www.w3.org/2001/XMLSchema-instance" xsi:noNamespaceSchemaLocation="https://maven.apache.org/surefire/maven-surefire-plugin/xsd/surefire-test-report-3.0.xsd" version="3.0" name="com.cims.model.repository.DerbyEquipmentRepositoryTest" time="0.845" tests="5" errors="0" skipped="0" failures="0">
  <properties>
[...]
</properties>
  <testcase name="testFindAllReturnsEquipment" classname="com.cims.model.repository.DerbyEquipmentRepositoryTest" time="0.642">
    <system-out><![CDATA[Equipment table already exists.
Usage history table already exists.
]]></system-out>
  </testcase>
  <testcase name="testFindByType" classname="com.cims.model.repository.DerbyEquipmentRepositoryTest" time="0.043">
    <system-out><![CDATA[Equipment table already exists.
Usage history table already exists.
]]></system-out>
  </testcase>
  <testcase name="testRemove" classname="com.cims.model.repository.DerbyEquipmentRepositoryTest" time="0.042">
    <system-out><![CDATA[Equipment table already exists.
Usage history table already exists.
]]></system-out>
  </testcase>
  <testcase name="testSaveAndFindById" classname="com.cims.model.repository.DerbyEquipmentRepositoryTest" time="0.024">
    <system-out><![CDATA[Equipment table already exists.
Usage history table already exists.
save
]]></system-out>
  </testcase>
  <testcase name="testUpdateEquipment" classname="com.cims.model.repository.DerbyEquipmentRepositoryTest" time="0.043">
    <system-out><![CDATA[Equipment table already exists.
Usage history table already exists.
]]></system-out>
  </testcase>
</testsuite>